*** Starting uWSGI 2.0.15-debian (64bit) on [Sun Apr 29 04:34:28 2018] ***
compiled with version: 7.3.0 on 01 March 2018 10:02:30
os: Linux-4.15.0-20-generic #21-Ubuntu SMP Tue Apr 24 06:16:15 UTC 2018
nodename: ubuntu
machine: x86_64
clock source: unix
pcre jit disabled
detected number of CPU cores: 1
current working directory: /home/zhangweiguo/Code/Test
detected binary path: /usr/bin/uwsgi-core
dropping root privileges as early as possible
setuid() to 1000
your processes number limit is 7650
your memory page size is 4096 bytes
detected max file descriptor number: 1024
lock engine: pthread robust mutexes
thunder lock: disabled (you can enable it with --thunder-lock)
uwsgi socket 0 bound to TCP address 127.0.0.1:8080 fd 3
dropping root privileges after socket binding
dropping root privileges after plugin initialization
your server socket listen backlog is limited to 100 connections
your mercy for graceful operations on workers is 60 seconds
mapped 1029750 bytes (1005 KB) for 8 cores
*** Operational MODE: preforking+threaded ***
*** no app loaded. going in full dynamic mode ***
dropping root privileges after application loading
*** uWSGI is running in multiple interpreter mode ***
!!!!!!!!!!!!!! WARNING !!!!!!!!!!!!!!
no request plugin is loaded, you will not be able to manage requests.
you may need to install the package for your language of choice, or simply load it with --plugin.
!!!!!!!!!!! END OF WARNING !!!!!!!!!!
spawned uWSGI master process (pid: 17369)
spawned uWSGI worker 1 (pid: 17370, cores: 2)
spawned uWSGI worker 2 (pid: 17371, cores: 2)
spawned uWSGI worker 3 (pid: 17372, cores: 2)
spawned uWSGI worker 4 (pid: 17373, cores: 2)
DAMN ! worker 1 (pid: 17370) died, killed by signal 9 :( trying respawn ...
Respawned uWSGI worker 1 (new pid: 17389)
DAMN ! worker 2 (pid: 17371) died, killed by signal 9 :( trying respawn ...
Respawned uWSGI worker 2 (new pid: 17390)
DAMN ! worker 3 (pid: 17372) died, killed by signal 9 :( trying respawn ...
Respawned uWSGI worker 3 (new pid: 17391)
DAMN ! worker 4 (pid: 17373) died, killed by signal 9 :( trying respawn ...
Respawned uWSGI worker 4 (new pid: 17392)
Sun Apr 29 04:35:28 2018 - uWSGI worker 1 screams: UAAAAAAH my master disconnected: i will kill myself !!!
Sun Apr 29 04:35:28 2018 - uWSGI worker 3 screams: UAAAAAAH my master disconnected: i will kill myself !!!
Sun Apr 29 04:35:28 2018 - uWSGI worker 4 screams: UAAAAAAH my master disconnected: i will kill myself !!!
Sun Apr 29 04:35:28 2018 - uWSGI worker 3 screams: UAAAAAAH my master disconnected: i will kill myself !!!
Sun Apr 29 04:35:28 2018 - uWSGI worker 2 screams: UAAAAAAH my master disconnected: i will kill myself !!!
*** Starting uWSGI 2.0.15-debian (64bit) on [Sun Apr 29 04:36:22 2018] ***
compiled with version: 7.3.0 on 01 March 2018 10:02:30
os: Linux-4.15.0-20-generic #21-Ubuntu SMP Tue Apr 24 06:16:15 UTC 2018
nodename: ubuntu
machine: x86_64
clock source: unix
pcre jit disabled
detected number of CPU cores: 1
current working directory: /home/zhangweiguo/Code/Test
detected binary path: /usr/bin/uwsgi-core
dropping root privileges as early as possible
setuid() to 1000
your processes number limit is 7650
your memory page size is 4096 bytes
detected max file descriptor number: 1024
lock engine: pthread robust mutexes
thunder lock: disabled (you can enable it with --thunder-lock)
uwsgi socket 0 bound to TCP address 127.0.0.1:8080 fd 3
dropping root privileges after socket binding
dropping root privileges after plugin initialization
your server socket listen backlog is limited to 100 connections
your mercy for graceful operations on workers is 60 seconds
mapped 1029750 bytes (1005 KB) for 8 cores
*** Operational MODE: preforking+threaded ***
*** no app loaded. going in full dynamic mode ***
dropping root privileges after application loading
*** uWSGI is running in multiple interpreter mode ***
!!!!!!!!!!!!!! WARNING !!!!!!!!!!!!!!
no request plugin is loaded, you will not be able to manage requests.
you may need to install the package for your language of choice, or simply load it with --plugin.
!!!!!!!!!!! END OF WARNING !!!!!!!!!!
spawned uWSGI master process (pid: 17418)
spawned uWSGI worker 1 (pid: 17419, cores: 2)
spawned uWSGI worker 2 (pid: 17420, cores: 2)
spawned uWSGI worker 3 (pid: 17421, cores: 2)
spawned uWSGI worker 4 (pid: 17422, cores: 2)
Sun Apr 29 04:36:25 2018 - uWSGI worker 1 screams: UAAAAAAH my master disconnected: i will kill myself !!!
Sun Apr 29 04:36:25 2018 - uWSGI worker 3 screams: UAAAAAAH my master disconnected: i will kill myself !!!
Sun Apr 29 04:36:25 2018 - uWSGI worker 4 screams: UAAAAAAH my master disconnected: i will kill myself !!!
Sun Apr 29 04:36:25 2018 - uWSGI worker 2 screams: UAAAAAAH my master disconnected: i will kill myself !!!
*** Starting uWSGI 2.0.15-debian (64bit) on [Sun Apr 29 04:38:03 2018] ***
compiled with version: 7.3.0 on 01 March 2018 10:02:30
os: Linux-4.15.0-20-generic #21-Ubuntu SMP Tue Apr 24 06:16:15 UTC 2018
nodename: ubuntu
machine: x86_64
clock source: unix
pcre jit disabled
detected number of CPU cores: 1
current working directory: /home/zhangweiguo/Code/Test
detected binary path: /usr/bin/uwsgi-core
dropping root privileges as early as possible
setuid() to 1000
your processes number limit is 7650
your memory page size is 4096 bytes
detected max file descriptor number: 1024
lock engine: pthread robust mutexes
thunder lock: disabled (you can enable it with --thunder-lock)
uwsgi socket 0 bound to TCP address 127.0.0.1:8080 fd 3
dropping root privileges after socket binding
dropping root privileges after plugin initialization
your server socket listen backlog is limited to 100 connections
your mercy for graceful operations on workers is 60 seconds
mapped 1029750 bytes (1005 KB) for 8 cores
*** Operational MODE: preforking+threaded ***
*** no app loaded. going in full dynamic mode ***
dropping root privileges after application loading
*** uWSGI is running in multiple interpreter mode ***
!!!!!!!!!!!!!! WARNING !!!!!!!!!!!!!!
no request plugin is loaded, you will not be able to manage requests.
you may need to install the package for your language of choice, or simply load it with --plugin.
!!!!!!!!!!! END OF WARNING !!!!!!!!!!
spawned uWSGI master process (pid: 17461)
spawned uWSGI worker 1 (pid: 17464, cores: 2)
spawned uWSGI worker 2 (pid: 17465, cores: 2)
spawned uWSGI worker 3 (pid: 17466, cores: 2)
spawned uWSGI worker 4 (pid: 17467, cores: 2)
Sun Apr 29 04:39:09 2018 - uWSGI worker 1 screams: UAAAAAAH my master disconnected: i will kill myself !!!
Sun Apr 29 04:39:09 2018 - uWSGI worker 4 screams: UAAAAAAH my master disconnected: i will kill myself !!!
Sun Apr 29 04:39:09 2018 - uWSGI worker 3 screams: UAAAAAAH my master disconnected: i will kill myself !!!
Sun Apr 29 04:39:09 2018 - uWSGI worker 2 screams: UAAAAAAH my master disconnected: i will kill myself !!!
*** Starting uWSGI 2.0.15-debian (64bit) on [Sun Apr 29 04:53:44 2018] ***
compiled with version: 7.3.0 on 01 March 2018 10:02:30
os: Linux-4.15.0-20-generic #21-Ubuntu SMP Tue Apr 24 06:16:15 UTC 2018
nodename: ubuntu
machine: x86_64
clock source: unix
pcre jit disabled
detected number of CPU cores: 1
current working directory: /home/zhangweiguo/Code/Test
detected binary path: /usr/bin/uwsgi-core
dropping root privileges as early as possible
setuid() to 1000
your processes number limit is 7650
your memory page size is 4096 bytes
detected max file descriptor number: 1024
lock engine: pthread robust mutexes
thunder lock: disabled (you can enable it with --thunder-lock)
uwsgi socket 0 bound to TCP address 127.0.0.1:8080 fd 3
dropping root privileges after socket binding
dropping root privileges after plugin initialization
your server socket listen backlog is limited to 100 connections
your mercy for graceful operations on workers is 60 seconds
mapped 1029750 bytes (1005 KB) for 8 cores
*** Operational MODE: preforking+threaded ***
*** no app loaded. going in full dynamic mode ***
dropping root privileges after application loading
*** uWSGI is running in multiple interpreter mode ***
!!!!!!!!!!!!!! WARNING !!!!!!!!!!!!!!
no request plugin is loaded, you will not be able to manage requests.
you may need to install the package for your language of choice, or simply load it with --plugin.
!!!!!!!!!!! END OF WARNING !!!!!!!!!!
spawned uWSGI master process (pid: 17643)
spawned uWSGI worker 1 (pid: 17644, cores: 2)
spawned uWSGI worker 2 (pid: 17645, cores: 2)
spawned uWSGI worker 3 (pid: 17646, cores: 2)
spawned uWSGI worker 4 (pid: 17647, cores: 2)
Sun Apr 29 04:54:01 2018 - uWSGI worker 4 screams: UAAAAAAH my master disconnected: i will kill myself !!!
Sun Apr 29 04:54:01 2018 - uWSGI worker 3 screams: UAAAAAAH my master disconnected: i will kill myself !!!
Sun Apr 29 04:54:01 2018 - uWSGI worker 1 screams: UAAAAAAH my master disconnected: i will kill myself !!!
Sun Apr 29 04:54:01 2018 - uWSGI worker 1 screams: UAAAAAAH my master disconnected: i will kill myself !!!
Sun Apr 29 04:54:01 2018 - uWSGI worker 2 screams: UAAAAAAH my master disconnected: i will kill myself !!!
*** Starting uWSGI 2.0.15-debian (64bit) on [Sun Apr 29 07:58:53 2018] ***
compiled with version: 7.3.0 on 01 March 2018 10:02:30
os: Linux-4.15.0-20-generic #21-Ubuntu SMP Tue Apr 24 06:16:15 UTC 2018
nodename: ubuntu
machine: x86_64
clock source: unix
pcre jit disabled
detected number of CPU cores: 1
current working directory: /home/zhangweiguo/Code/Python/services/selfie
detected binary path: /usr/bin/uwsgi-core
dropping root privileges as early as possible
setuid() to 1000
your processes number limit is 7650
your memory page size is 4096 bytes
detected max file descriptor number: 1024
lock engine: pthread robust mutexes
thunder lock: disabled (you can enable it with --thunder-lock)
uwsgi socket 0 bound to TCP address 127.0.0.1:8080 fd 3
dropping root privileges after socket binding
dropping root privileges after plugin initialization
your server socket listen backlog is limited to 100 connections
your mercy for graceful operations on workers is 60 seconds
mapped 1029750 bytes (1005 KB) for 8 cores
*** Operational MODE: preforking+threaded ***
*** no app loaded. going in full dynamic mode ***
dropping root privileges after application loading
*** uWSGI is running in multiple interpreter mode ***
!!!!!!!!!!!!!! WARNING !!!!!!!!!!!!!!
no request plugin is loaded, you will not be able to manage requests.
you may need to install the package for your language of choice, or simply load it with --plugin.
!!!!!!!!!!! END OF WARNING !!!!!!!!!!
spawned uWSGI master process (pid: 19227)
spawned uWSGI worker 1 (pid: 19228, cores: 2)
spawned uWSGI worker 2 (pid: 19229, cores: 2)
spawned uWSGI worker 3 (pid: 19230, cores: 2)
spawned uWSGI worker 4 (pid: 19231, cores: 2)
Sun Apr 29 07:59:23 2018 - uWSGI worker 4 screams: UAAAAAAH my master disconnected: i will kill myself !!!
Sun Apr 29 07:59:23 2018 - uWSGI worker 3 screams: UAAAAAAH my master disconnected: i will kill myself !!!
Sun Apr 29 07:59:23 2018 - uWSGI worker 1 screams: UAAAAAAH my master disconnected: i will kill myself !!!
Sun Apr 29 07:59:23 2018 - uWSGI worker 2 screams: UAAAAAAH my master disconnected: i will kill myself !!!
Sun Apr 29 07:59:23 2018 - uWSGI worker 2 screams: UAAAAAAH my master disconnected: i will kill myself !!!
